0 info it worked if it ends with ok
1 verbose cli [ 'C:\\Program Files\\nodejs\\\\node.exe',
1 verbose cli   'C:\\Program Files\\nodejs\\node_modules\\npm\\bin\\npm-cli.js',
1 verbose cli   'install' ]
2 info using npm@1.2.18
3 info using node@v0.10.4
4 verbose node symlink C:\Program Files\nodejs\\node.exe
5 verbose read json Z:\AngularTutorialCompleted\BuiltInDirectives\app\lib\angular\package.json
6 error install Couldn't read dependencies
7 error Error: ENOENT, open 'Z:\AngularTutorialCompleted\BuiltInDirectives\app\lib\angular\package.json'
8 error If you need help, you may report this log at:
8 error     <http://github.com/isaacs/npm/issues>
8 error or email it to:
8 error     <npm-@googlegroups.com>
9 error System Windows_NT 6.2.9200
10 error command "C:\\Program Files\\nodejs\\\\node.exe" "C:\\Program Files\\nodejs\\node_modules\\npm\\bin\\npm-cli.js" "install"
11 error cwd Z:\AngularTutorialCompleted\BuiltInDirectives\app\lib\angular
12 error node -v v0.10.4
13 error npm -v 1.2.18
14 error path Z:\AngularTutorialCompleted\BuiltInDirectives\app\lib\angular\package.json
15 error code ENOENT
16 error errno 34
17 verbose exit [ 34, true ]
